<?xml version="1.0" encoding="UTF-8"?>
<testng-results ignored="0" total="1" passed="1" failed="0" skipped="0">
  <reporter-output>
  </reporter-output>
  <suite started-at="2026-01-20T11:37:14 IST" name="Surefire suite" finished-at="2026-01-20T11:37:14 IST" duration-ms="36">
    <groups>
    </groups>
    <test started-at="2026-01-20T11:37:14 IST" name="Surefire test" finished-at="2026-01-20T11:37:14 IST" duration-ms="36">
      <class name="Automation.JenkinPractice.LoginTest">
        <test-method signature="login()[pri:0, instance:Automation.JenkinPractice.LoginTest@327b636c]" started-at="2026-01-20T11:37:14 IST" name="login" finished-at="2026-01-20T11:37:14 IST" duration-ms="4" status="PASS">
          <reporter-output>
          </reporter-output>
        </test-method> <!-- login -->
      </class> <!-- Automation.JenkinPractice.LoginTest -->
    </test> <!-- Surefire test -->
  </suite> <!-- Surefire suite -->
</testng-results>
